INFO | 2025-09-04 19:18:44,618 | Connessione a Firestore stabilita con successo.
INFO | 2025-09-04 19:18:44,618 | === Avvio Strategist ===
INFO | 2025-09-04 19:18:44,619 | === Avvio Pipeline Strategist ===
INFO | 2025-09-04 19:18:44,619 | Step 1/5: Analisi macroeconomica...
INFO | 2025-09-04 19:18:44,619 | Step 2/5: Analisi ETF...
INFO | 2025-09-04 19:18:44,620 | Step 3/5: Analisi azioni...
INFO | 2025-09-04 19:18:44,620 | Step 4/5: Dati di mercato aggiuntivi...
INFO | 2025-09-04 19:18:44,621 | Step 5/5: Output AI Strategist...
INFO | 2025-09-04 19:18:44,621 | --- RIEPILOGO FINALE ---
INFO | 2025-09-04 19:18:44,622 | Data e ora: 2025-09-04 19:18:44
INFO | 2025-09-04 19:18:44,623 | Regime macro: Esempio_Regime_Macro
INFO | 2025-09-04 19:18:44,623 | Output AI: La strategia consigliata è una combinazione di ETF e azioni...
INFO | 2025-09-04 19:18:44,623 | --- Fine Riepilogo ---
INFO | 2025-09-04 19:18:45,408 | === Strategist completato ===
INFO | 2025-09-04 19:22:37,598 | Connessione a Firestore stabilita con successo.
INFO | 2025-09-04 19:22:37,599 | === Avvio Strategist ===
INFO | 2025-09-04 19:22:37,599 | === Avvio Pipeline Strategist ===
INFO | 2025-09-04 19:22:37,600 | Step 1/5: Analisi macroeconomica...
INFO | 2025-09-04 19:22:37,600 | Step 2/5: Analisi ETF...
INFO | 2025-09-04 19:22:37,600 | Step 3/5: Analisi azioni...
INFO | 2025-09-04 19:22:37,600 | Step 4/5: Dati di mercato aggiuntivi...
INFO | 2025-09-04 19:22:37,601 | Step 5/5: Output AI Strategist...
INFO | 2025-09-04 19:22:37,601 | --- RIEPILOGO FINALE ---
INFO | 2025-09-04 19:22:37,601 | Data e ora: 2025-09-04 19:22:37
INFO | 2025-09-04 19:22:37,602 | Regime macro: Esempio_Regime_Macro
INFO | 2025-09-04 19:22:37,602 | Output AI: La strategia consigliata è una combinazione di ETF e azioni...
INFO | 2025-09-04 19:22:37,603 | --- Fine Riepilogo ---
INFO | 2025-09-04 19:22:38,060 | Analisi salvata su Firestore con ID: eDrUToJqeE384kl4Udca
INFO | 2025-09-04 19:22:38,069 | === Strategist completato ===
